Traceback (most recent call last):
  File "/home/pb8294/Projects/DeepDiffusionSolver/run.py", line 4, in <module>
    import trainers
  File "/home/pb8294/Projects/DeepDiffusionSolver/trainers/__init__.py", line 1, in <module>
    from .DeepDiffusion import Train as DeepDiffusionTrainer
  File "/home/pb8294/Projects/DeepDiffusionSolver/trainers/DeepDiffusion.py", line 12, in <module>
    import util
  File "/home/pb8294/Projects/DeepDiffusionSolver/util/__init__.py", line 2, in <module>
    from . import loaders
  File "/home/pb8294/Projects/DeepDiffusionSolver/util/loaders.py", line 8, in <module>
    import pandas as pd
  File "/home/pb8294/anaconda3/lib/python3.11/site-packages/pandas/__init__.py", line 22, in <module>
    from pandas.compat import is_numpy_dev as _is_numpy_dev  # pyright: ignore # noqa:F401
    ^^^^^^^^^^^^^^^^^^^^^^^^^^^^^^^^^^^^^^^^^^^^^^^^^^^^^^^
  File "/home/pb8294/anaconda3/lib/python3.11/site-packages/pandas/compat/__init__.py", line 22, in <module>
    from pandas.compat.pyarrow import (
  File "/home/pb8294/anaconda3/lib/python3.11/site-packages/pandas/compat/pyarrow.py", line 8, in <module>
    import pyarrow as pa
  File "/home/pb8294/anaconda3/lib/python3.11/site-packages/pyarrow/__init__.py", line 65, in <module>
    import pyarrow.lib as _lib
  File "pyarrow/ipc.pxi", line 885, in init pyarrow.lib
  File "/home/pb8294/anaconda3/lib/python3.11/collections/__init__.py", line 348, in namedtuple
    def namedtuple(typename, field_names, *, rename=False, defaults=None, module=None):
    
KeyboardInterrupt
